<?xml version="1.0" encoding="UTF-8"?>
<testsuite name="com.daru.jokenpo.JokenpoApplicationTests" tests="1" skipped="0" failures="0" errors="0" timestamp="2020-05-19T17:08:43" hostname="lucas-Aspire-E5-573G" time="0.439">
  <properties/>
  <testcase name="testDraw()" classname="com.daru.jokenpo.JokenpoApplicationTests" time="0.439"/>
  <system-out><![CDATA[14:08:38.841 [Test worker] DEBUG org.springframework.test.context.BootstrapUtils - Instantiating CacheAwareContextLoaderDelegate from class [org.springframework.test.context.cache.DefaultCacheAwareContextLoaderDelegate]
14:08:38.864 [Test worker] DEBUG org.springframework.test.context.BootstrapUtils - Instantiating BootstrapContext using constructor [public org.springframework.test.context.support.DefaultBootstrapContext(java.lang.Class,org.springframework.test.context.CacheAwareContextLoaderDelegate)]
14:08:38.907 [Test worker] DEBUG org.springframework.test.context.BootstrapUtils - Instantiating TestContextBootstrapper for test class [com.daru.jokenpo.JokenpoApplicationTests] from class [org.springframework.boot.test.context.SpringBootTestContextBootstrapper]
14:08:38.933 [Test worker] INFO org.springframework.boot.test.context.SpringBootTestContextBootstrapper - Neither @ContextConfiguration nor @ContextHierarchy found for test class [com.daru.jokenpo.JokenpoApplicationTests], using SpringBootContextLoader
14:08:38.939 [Test worker] DEBUG org.springframework.test.context.support.AbstractContextLoader - Did not detect default resource location for test class [com.daru.jokenpo.JokenpoApplicationTests]: class path resource [com/daru/jokenpo/JokenpoApplicationTests-context.xml] does not exist
14:08:38.939 [Test worker] DEBUG org.springframework.test.context.support.AbstractContextLoader - Did not detect default resource location for test class [com.daru.jokenpo.JokenpoApplicationTests]: class path resource [com/daru/jokenpo/JokenpoApplicationTestsContext.groovy] does not exist
14:08:38.940 [Test worker] INFO org.springframework.test.context.support.AbstractContextLoader - Could not detect default resource locations for test class [com.daru.jokenpo.JokenpoApplicationTests]: no resource found for suffixes {-context.xml, Context.groovy}.
14:08:38.941 [Test worker] INFO org.springframework.test.context.support.AnnotationConfigContextLoaderUtils - Could not detect default configuration classes for test class [com.daru.jokenpo.JokenpoApplicationTests]: JokenpoApplicationTests does not declare any static, non-private, non-final, nested classes annotated with @Configuration.
14:08:39.022 [Test worker] DEBUG org.springframework.test.context.support.ActiveProfilesUtils - Could not find an 'annotation declaring class' for annotation type [org.springframework.test.context.ActiveProfiles] and class [com.daru.jokenpo.JokenpoApplicationTests]
14:08:39.140 [Test worker] DEBUG org.springframework.context.annotation.ClassPathScanningCandidateComponentProvider - Identified candidate component class: file [/home/lucas/Documents/projetos/jokenpo/build/classes/java/main/com/daru/jokenpo/JokenpoApplication.class]
14:08:39.141 [Test worker] INFO org.springframework.boot.test.context.SpringBootTestContextBootstrapper - Found @SpringBootConfiguration com.daru.jokenpo.JokenpoApplication for test class com.daru.jokenpo.JokenpoApplicationTests
14:08:39.299 [Test worker] DEBUG org.springframework.boot.test.context.SpringBootTestContextBootstrapper - @TestExecutionListeners is not present for class [com.daru.jokenpo.JokenpoApplicationTests]: using defaults.
14:08:39.300 [Test worker] INFO org.springframework.boot.test.context.SpringBootTestContextBootstrapper - Loaded default TestExecutionListener class names from location [META-INF/spring.factories]: [org.springframework.boot.test.autoconfigure.restdocs.RestDocsTestExecutionListener, org.springframework.boot.test.autoconfigure.web.client.MockRestServiceServerResetTestExecutionListener, org.springframework.boot.test.autoconfigure.web.servlet.MockMvcPrintOnlyOnFailureTestExecutionListener, org.springframework.boot.test.autoconfigure.web.servlet.WebDriverTestExecutionListener, org.springframework.boot.test.autoconfigure.webservices.client.MockWebServiceServerTestExecutionListener, org.springframework.boot.test.mock.mockito.MockitoTestExecutionListener, org.springframework.boot.test.mock.mockito.ResetMocksTestExecutionListener, org.springframework.test.context.web.ServletTestExecutionListener, org.springframework.test.context.support.DirtiesContextBeforeModesTestExecutionListener, org.springframework.test.context.support.DependencyInjectionTestExecutionListener, org.springframework.test.context.support.DirtiesContextTestExecutionListener, org.springframework.test.context.transaction.TransactionalTestExecutionListener, org.springframework.test.context.jdbc.SqlScriptsTestExecutionListener, org.springframework.test.context.event.EventPublishingTestExecutionListener]
14:08:39.323 [Test worker] DEBUG org.springframework.boot.test.context.SpringBootTestContextBootstrapper - Skipping candidate TestExecutionListener [org.springframework.test.context.transaction.TransactionalTestExecutionListener] due to a missing dependency. Specify custom listener classes or make the default listener classes and their required dependencies available. Offending class: [org/springframework/transaction/TransactionDefinition]
14:08:39.332 [Test worker] DEBUG org.springframework.boot.test.context.SpringBootTestContextBootstrapper - Skipping candidate TestExecutionListener [org.springframework.test.context.jdbc.SqlScriptsTestExecutionListener] due to a missing dependency. Specify custom listener classes or make the default listener classes and their required dependencies available. Offending class: [org/springframework/transaction/interceptor/TransactionAttribute]
14:08:39.333 [Test worker] INFO org.springframework.boot.test.context.SpringBootTestContextBootstrapper - Using TestExecutionListeners: [org.springframework.test.context.web.ServletTestExecutionListener@575b536d, org.springframework.test.context.support.DirtiesContextBeforeModesTestExecutionListener@522e10d, org.springframework.boot.test.mock.mockito.MockitoTestExecutionListener@46daa636, org.springframework.boot.test.autoconfigure.SpringBootDependencyInjectionTestExecutionListener@5e8efbea, org.springframework.test.context.support.DirtiesContextTestExecutionListener@53430b6d, org.springframework.test.context.event.EventPublishingTestExecutionListener@417ba281, org.springframework.boot.test.autoconfigure.restdocs.RestDocsTestExecutionListener@5203578e, org.springframework.boot.test.autoconfigure.web.client.MockRestServiceServerResetTestExecutionListener@7b7bb78f, org.springframework.boot.test.autoconfigure.web.servlet.MockMvcPrintOnlyOnFailureTestExecutionListener@3028d3ee, org.springframework.boot.test.autoconfigure.web.servlet.WebDriverTestExecutionListener@2cdb00c0, org.springframework.boot.test.autoconfigure.webservices.client.MockWebServiceServerTestExecutionListener@64ac9df2, org.springframework.boot.test.mock.mockito.ResetMocksTestExecutionListener@424d8927]
14:08:39.346 [Test worker] DEBUG org.springframework.test.context.support.AbstractDirtiesContextTestExecutionListener - Before test class: context [DefaultTestContext@4998fa6a testClass = JokenpoApplicationTests, testInstance = [null], testMethod = [null], testException = [null], mergedContextConfiguration = [WebMergedContextConfiguration@568c9766 testClass = JokenpoApplicationTests, locations = '{}', classes = '{class com.daru.jokenpo.JokenpoApplication}', contextInitializerClasses = '[]', activeProfiles = '{}', propertySourceLocations = '{}', propertySourceProperties = '{org.springframework.boot.test.context.SpringBootTestContextBootstrapper=true}', contextCustomizers = set[org.springframework.boot.test.autoconfigure.properties.PropertyMappingContextCustomizer@0, org.springframework.boot.test.autoconfigure.web.servlet.WebDriverContextCustomizerFactory$Customizer@20b741ec, org.springframework.boot.test.context.filter.ExcludeFilterContextCustomizer@53fea801, org.springframework.boot.test.json.DuplicateJsonObjectContextCustomizerFactory$DuplicateJsonObjectContextCustomizer@65d62f58, org.springframework.boot.test.mock.mockito.MockitoContextCustomizer@0, org.springframework.boot.test.web.client.TestRestTemplateContextCustomizer@60f0b2cc, org.springframework.boot.test.context.SpringBootTestArgs@1], resourceBasePath = 'src/main/webapp', contextLoader = 'org.springframework.boot.test.context.SpringBootContextLoader', parent = [null]], attributes = map['org.springframework.test.context.web.ServletTestExecutionListener.activateListener' -> true]], class annotated with @DirtiesContext [false] with mode [null].
14:08:39.403 [Test worker] DEBUG org.springframework.test.context.support.TestPropertySourceUtils - Adding inlined properties to environment: {spring.jmx.enabled=false, org.springframework.boot.test.context.SpringBootTestContextBootstrapper=true}

  .   ____          _            __ _ _
 /\\ / ___'_ __ _ _(_)_ __  __ _ \ \ \ \
( ( )\___ | '_ | '_| | '_ \/ _` | \ \ \ \
 \\/  ___)| |_)| | | | | || (_| |  ) ) ) )
  '  |____| .__|_| |_|_| |_\__, | / / / /
 =========|_|==============|___/=/_/_/_/
 :: Spring Boot ::        (v2.3.0.RELEASE)

2020-05-19 14:08:39.988  INFO 152099 --- [    Test worker] c.daru.jokenpo.JokenpoApplicationTests   : Starting JokenpoApplicationTests on lucas-Aspire-E5-573G with PID 152099 (started by lucas in /home/lucas/Documents/projetos/jokenpo)
2020-05-19 14:08:39.989  INFO 152099 --- [    Test worker] c.daru.jokenpo.JokenpoApplicationTests   : The following profiles are active: local
2020-05-19 14:08:42.400  INFO 152099 --- [    Test worker] pertySourcedRequestMappingHandlerMapping : Mapped URL path [/v2/api-docs] onto method [springfox.documentation.swagger2.web.Swagger2Controller#getDocumentation(String, HttpServletRequest)]
2020-05-19 14:08:42.923  INFO 152099 --- [    Test worker] o.s.s.concurrent.ThreadPoolTaskExecutor  : Initializing ExecutorService 'applicationTaskExecutor'
2020-05-19 14:08:43.322  INFO 152099 --- [    Test worker] d.s.w.p.DocumentationPluginsBootstrapper : Context refreshed
2020-05-19 14:08:43.348  INFO 152099 --- [    Test worker] d.s.w.p.DocumentationPluginsBootstrapper : Found 1 custom documentation plugin(s)
2020-05-19 14:08:43.479  INFO 152099 --- [    Test worker] s.d.s.w.s.ApiListingReferenceScanner     : Scanning for api listing references
2020-05-19 14:08:43.683  INFO 152099 --- [    Test worker] c.daru.jokenpo.JokenpoApplicationTests   : Started JokenpoApplicationTests in 4.262 seconds (JVM running for 5.882)
]]></system-out>
  <system-err><![CDATA[]]></system-err>
</testsuite>
